c:\users\dorasu\source\repos\intern\intern\debug\vc142.pdb
c:\users\dorasu\source\repos\intern\intern\debug\vc142.idb
c:\users\dorasu\source\repos\intern\intern\debug\rand.obj
c:\users\dorasu\source\repos\intern\intern\debug\jankenmain.obj
c:\users\dorasu\source\repos\intern\intern\debug\soloshiritorimain.obj
c:\users\dorasu\source\repos\intern\intern\debug\main.obj
c:\users\dorasu\source\repos\intern\intern\debug\leetquizmain.obj
c:\users\dorasu\source\repos\intern\intern\debug\trump.obj
c:\users\dorasu\source\repos\intern\intern\debug\poker.obj
c:\users\dorasu\source\repos\intern\debug\intern.pdb
c:\users\dorasu\source\repos\intern\intern\debug\intern.tlog\cl.command.1.tlog
c:\users\dorasu\source\repos\intern\intern\debug\intern.tlog\cl.read.1.tlog
c:\users\dorasu\source\repos\intern\intern\debug\intern.tlog\cl.write.1.tlog
c:\users\dorasu\source\repos\intern\intern\debug\intern.tlog\link.10016-cvtres.read.1.tlog
c:\users\dorasu\source\repos\intern\intern\debug\intern.tlog\link.10016-cvtres.write.1.tlog
c:\users\dorasu\source\repos\intern\intern\debug\intern.tlog\link.10016-rc.read.1.tlog
c:\users\dorasu\source\repos\intern\intern\debug\intern.tlog\link.10016-rc.write.1.tlog
c:\users\dorasu\source\repos\intern\intern\debug\intern.tlog\link.10016.read.1.tlog
c:\users\dorasu\source\repos\intern\intern\debug\intern.tlog\link.10016.write.1.tlog
c:\users\dorasu\source\repos\intern\intern\debug\intern.tlog\link.command.1.tlog
c:\users\dorasu\source\repos\intern\intern\debug\intern.tlog\link.read.1.tlog
c:\users\dorasu\source\repos\intern\intern\debug\intern.tlog\link.write.1.tlog
